<?xml version="1.0" encoding="UTF-8"?>
<testsuite xmlns:xsi="http://www.w3.org/2001/XMLSchema-instance" xsi:noNamespaceSchemaLocation="https://maven.apache.org/surefire/maven-surefire-plugin/xsd/surefire-test-report-3.0.xsd" version="3.0" name="com.example.RunCucumberTest" time="4.119" tests="16" errors="16" skipped="0" failures="0">
  <properties>
[...]
</properties>
  <testcase name="Enter vehicle data" classname="Happy Path" time="0.411">
    <error message="The step &apos;I am on the &quot;vehicle data&quot; page&apos; and 2 other step(s) are undefined.&#10;You can implement these steps using the snippet(s) below:&#10;&#10;@Given(&quot;I am on the {string} page&quot;)&#10;public void i_am_on_the_page(String string) {&#10;    // Write code here that turns the phrase above into concrete actions&#10;    throw new io.cucumber.java.PendingException();&#10;}&#10;@When(&quot;I enter vehicle data&quot;)&#10;public void i_enter_vehicle_data() {&#10;    // Write code here that turns the phrase above into concrete actions&#10;    throw new io.cucumber.java.PendingException();&#10;}&#10;@Then(&quot;I should be able to proceed to the next page&quot;)&#10;public void i_should_be_able_to_proceed_to_the_next_page() {&#10;    // Write code here that turns the phrase above into concrete actions&#10;    throw new io.cucumber.java.PendingException();&#10;}&#10;" type="io.cucumber.junit.UndefinedStepException"><![CDATA[io.cucumber.junit.UndefinedStepException: 
The step 'I am on the "vehicle data" page' and 2 other step(s) are undefined.
You can implement these steps using the snippet(s) below:

@Given("I am on the {string} page")
public void i_am_on_the_page(String string) {
    // Write code here that turns the phrase above into concrete actions
    throw new io.cucumber.java.PendingException();
}
@When("I enter vehicle data")
public void i_enter_vehicle_data() {
    // Write code here that turns the phrase above into concrete actions
    throw new io.cucumber.java.PendingException();
}
@Then("I should be able to proceed to the next page")
public void i_should_be_able_to_proceed_to_the_next_page() {
    // Write code here that turns the phrase above into concrete actions
    throw new io.cucumber.java.PendingException();
}

]]></error>
    <system-out><![CDATA[
Scenario: Enter vehicle data                        # src/test/resources/features/happyPath.feature:3
  Given I am on the "vehicle data" page
  When I enter vehicle data
  Then I should be able to proceed to the next page
]]></system-out>
  </testcase>
  <testcase name="Enter insurant data" classname="Happy Path" time="0.024">
    <error message="The step &apos;I am on the &quot;insurant data&quot; page&apos; and 2 other step(s) are undefined.&#10;You can implement these steps using the snippet(s) below:&#10;&#10;@Given(&quot;I am on the {string} page&quot;)&#10;public void i_am_on_the_page(String string) {&#10;    // Write code here that turns the phrase above into concrete actions&#10;    throw new io.cucumber.java.PendingException();&#10;}&#10;@When(&quot;I enter insurant data&quot;)&#10;public void i_enter_insurant_data() {&#10;    // Write code here that turns the phrase above into concrete actions&#10;    throw new io.cucumber.java.PendingException();&#10;}&#10;@Then(&quot;I should be able to proceed to the next page&quot;)&#10;public void i_should_be_able_to_proceed_to_the_next_page() {&#10;    // Write code here that turns the phrase above into concrete actions&#10;    throw new io.cucumber.java.PendingException();&#10;}&#10;" type="io.cucumber.junit.UndefinedStepException"><![CDATA[io.cucumber.junit.UndefinedStepException: 
The step 'I am on the "insurant data" page' and 2 other step(s) are undefined.
You can implement these steps using the snippet(s) below:

@Given("I am on the {string} page")
public void i_am_on_the_page(String string) {
    // Write code here that turns the phrase above into concrete actions
    throw new io.cucumber.java.PendingException();
}
@When("I enter insurant data")
public void i_enter_insurant_data() {
    // Write code here that turns the phrase above into concrete actions
    throw new io.cucumber.java.PendingException();
}
@Then("I should be able to proceed to the next page")
public void i_should_be_able_to_proceed_to_the_next_page() {
    // Write code here that turns the phrase above into concrete actions
    throw new io.cucumber.java.PendingException();
}

]]></error>
    <system-out><![CDATA[
Scenario: Enter insurant data                       # src/test/resources/features/happyPath.feature:8
  Given I am on the "insurant data" page
  When I enter insurant data
  Then I should be able to proceed to the next page
]]></system-out>
  </testcase>
  <testcase name="Enter product data" classname="Happy Path" time="0.018">
    <error message="The step &apos;I am on the &quot;product data&quot; page&apos; and 2 other step(s) are undefined.&#10;You can implement these steps using the snippet(s) below:&#10;&#10;@Given(&quot;I am on the {string} page&quot;)&#10;public void i_am_on_the_page(String string) {&#10;    // Write code here that turns the phrase above into concrete actions&#10;    throw new io.cucumber.java.PendingException();&#10;}&#10;@When(&quot;I enter product data&quot;)&#10;public void i_enter_product_data() {&#10;    // Write code here that turns the phrase above into concrete actions&#10;    throw new io.cucumber.java.PendingException();&#10;}&#10;@Then(&quot;I should be able to proceed to the next page&quot;)&#10;public void i_should_be_able_to_proceed_to_the_next_page() {&#10;    // Write code here that turns the phrase above into concrete actions&#10;    throw new io.cucumber.java.PendingException();&#10;}&#10;" type="io.cucumber.junit.UndefinedStepException"><![CDATA[io.cucumber.junit.UndefinedStepException: 
The step 'I am on the "product data" page' and 2 other step(s) are undefined.
You can implement these steps using the snippet(s) below:

@Given("I am on the {string} page")
public void i_am_on_the_page(String string) {
    // Write code here that turns the phrase above into concrete actions
    throw new io.cucumber.java.PendingException();
}
@When("I enter product data")
public void i_enter_product_data() {
    // Write code here that turns the phrase above into concrete actions
    throw new io.cucumber.java.PendingException();
}
@Then("I should be able to proceed to the next page")
public void i_should_be_able_to_proceed_to_the_next_page() {
    // Write code here that turns the phrase above into concrete actions
    throw new io.cucumber.java.PendingException();
}

]]></error>
    <system-out><![CDATA[
Scenario: Enter product data                        # src/test/resources/features/happyPath.feature:13
  Given I am on the "product data" page
  When I enter product data
  Then I should be able to proceed to the next page
]]></system-out>
  </testcase>
  <testcase name="Select price option" classname="Happy Path" time="0.05">
    <error message="The step &apos;I am on the &quot;price option&quot; page&apos; and 2 other step(s) are undefined.&#10;You can implement these steps using the snippet(s) below:&#10;&#10;@Given(&quot;I am on the {string} page&quot;)&#10;public void i_am_on_the_page(String string) {&#10;    // Write code here that turns the phrase above into concrete actions&#10;    throw new io.cucumber.java.PendingException();&#10;}&#10;@When(&quot;I select a price option&quot;)&#10;public void i_select_a_price_option() {&#10;    // Write code here that turns the phrase above into concrete actions&#10;    throw new io.cucumber.java.PendingException();&#10;}&#10;@Then(&quot;I should be able to proceed to the next page&quot;)&#10;public void i_should_be_able_to_proceed_to_the_next_page() {&#10;    // Write code here that turns the phrase above into concrete actions&#10;    throw new io.cucumber.java.PendingException();&#10;}&#10;" type="io.cucumber.junit.UndefinedStepException"><![CDATA[io.cucumber.junit.UndefinedStepException: 
The step 'I am on the "price option" page' and 2 other step(s) are undefined.
You can implement these steps using the snippet(s) below:

@Given("I am on the {string} page")
public void i_am_on_the_page(String string) {
    // Write code here that turns the phrase above into concrete actions
    throw new io.cucumber.java.PendingException();
}
@When("I select a price option")
public void i_select_a_price_option() {
    // Write code here that turns the phrase above into concrete actions
    throw new io.cucumber.java.PendingException();
}
@Then("I should be able to proceed to the next page")
public void i_should_be_able_to_proceed_to_the_next_page() {
    // Write code here that turns the phrase above into concrete actions
    throw new io.cucumber.java.PendingException();
}

]]></error>
    <system-out><![CDATA[
Scenario: Select price option                       # src/test/resources/features/happyPath.feature:18
  Given I am on the "price option" page
  When I select a price option
  Then I should be able to proceed to the next page
]]></system-out>
  </testcase>
  <testcase name="Enter quote data" classname="Happy Path" time="0.017">
    <error message="The step &apos;I am on the &quot;send quote&quot; page&apos; and 2 other step(s) are undefined.&#10;You can implement these steps using the snippet(s) below:&#10;&#10;@Given(&quot;I am on the {string} page&quot;)&#10;public void i_am_on_the_page(String string) {&#10;    // Write code here that turns the phrase above into concrete actions&#10;    throw new io.cucumber.java.PendingException();&#10;}&#10;@When(&quot;I enter quote data&quot;)&#10;public void i_enter_quote_data() {&#10;    // Write code here that turns the phrase above into concrete actions&#10;    throw new io.cucumber.java.PendingException();&#10;}&#10;@Then(&quot;The quote should be sent&quot;)&#10;public void the_quote_should_be_sent() {&#10;    // Write code here that turns the phrase above into concrete actions&#10;    throw new io.cucumber.java.PendingException();&#10;}&#10;" type="io.cucumber.junit.UndefinedStepException"><![CDATA[io.cucumber.junit.UndefinedStepException: 
The step 'I am on the "send quote" page' and 2 other step(s) are undefined.
You can implement these steps using the snippet(s) below:

@Given("I am on the {string} page")
public void i_am_on_the_page(String string) {
    // Write code here that turns the phrase above into concrete actions
    throw new io.cucumber.java.PendingException();
}
@When("I enter quote data")
public void i_enter_quote_data() {
    // Write code here that turns the phrase above into concrete actions
    throw new io.cucumber.java.PendingException();
}
@Then("The quote should be sent")
public void the_quote_should_be_sent() {
    // Write code here that turns the phrase above into concrete actions
    throw new io.cucumber.java.PendingException();
}

]]></error>
    <system-out><![CDATA[
Scenario: Enter quote data            # src/test/resources/features/happyPath.feature:23
  Given I am on the "send quote" page
  When I enter quote data
  Then The quote should be sent
]]></system-out>
  </testcase>
  <testcase name="Complete Happy Path" classname="Happy Path" time="0.044">
    <error message="The step &apos;I am on the &quot;vehicle data&quot; page&apos; and 2 other step(s) are undefined.&#10;You can implement these steps using the snippet(s) below:&#10;&#10;@Given(&quot;I am on the {string} page&quot;)&#10;public void i_am_on_the_page(String string) {&#10;    // Write code here that turns the phrase above into concrete actions&#10;    throw new io.cucumber.java.PendingException();&#10;}&#10;@When(&quot;I complete the happy path&quot;)&#10;public void i_complete_the_happy_path() {&#10;    // Write code here that turns the phrase above into concrete actions&#10;    throw new io.cucumber.java.PendingException();&#10;}&#10;@Then(&quot;The quote should be sent&quot;)&#10;public void the_quote_should_be_sent() {&#10;    // Write code here that turns the phrase above into concrete actions&#10;    throw new io.cucumber.java.PendingException();&#10;}&#10;" type="io.cucumber.junit.UndefinedStepException"><![CDATA[io.cucumber.junit.UndefinedStepException: 
The step 'I am on the "vehicle data" page' and 2 other step(s) are undefined.
You can implement these steps using the snippet(s) below:

@Given("I am on the {string} page")
public void i_am_on_the_page(String string) {
    // Write code here that turns the phrase above into concrete actions
    throw new io.cucumber.java.PendingException();
}
@When("I complete the happy path")
public void i_complete_the_happy_path() {
    // Write code here that turns the phrase above into concrete actions
    throw new io.cucumber.java.PendingException();
}
@Then("The quote should be sent")
public void the_quote_should_be_sent() {
    // Write code here that turns the phrase above into concrete actions
    throw new io.cucumber.java.PendingException();
}

]]></error>
    <system-out><![CDATA[
@last
Scenario: Complete Happy Path           # src/test/resources/features/happyPath.feature:29
  Given I am on the "vehicle data" page
  When I complete the happy path
  Then The quote should be sent
]]></system-out>
  </testcase>
  <testcase name="Enter invalid first name #1" classname="Insurant Data" time="0.053">
    <error message="The step &apos;I am on the &quot;insurant data&quot; page&apos; and 3 other step(s) are undefined.&#10;You can implement these steps using the snippet(s) below:&#10;&#10;@Given(&quot;I am on the {string} page&quot;)&#10;public void i_am_on_the_page(String string) {&#10;    // Write code here that turns the phrase above into concrete actions&#10;    throw new io.cucumber.java.PendingException();&#10;}&#10;@Given(&quot;I enter vehicle data&quot;)&#10;public void i_enter_vehicle_data() {&#10;    // Write code here that turns the phrase above into concrete actions&#10;    throw new io.cucumber.java.PendingException();&#10;}&#10;@When(&quot;I enter invalid first name {string}&quot;)&#10;public void i_enter_invalid_first_name(String string) {&#10;    // Write code here that turns the phrase above into concrete actions&#10;    throw new io.cucumber.java.PendingException();&#10;}&#10;@Then(&quot;An error message should be displayed for first name&quot;)&#10;public void an_error_message_should_be_displayed_for_first_name() {&#10;    // Write code here that turns the phrase above into concrete actions&#10;    throw new io.cucumber.java.PendingException();&#10;}&#10;" type="io.cucumber.junit.UndefinedStepException"><![CDATA[io.cucumber.junit.UndefinedStepException: 
The step 'I am on the "insurant data" page' and 3 other step(s) are undefined.
You can implement these steps using the snippet(s) below:

@Given("I am on the {string} page")
public void i_am_on_the_page(String string) {
    // Write code here that turns the phrase above into concrete actions
    throw new io.cucumber.java.PendingException();
}
@Given("I enter vehicle data")
public void i_enter_vehicle_data() {
    // Write code here that turns the phrase above into concrete actions
    throw new io.cucumber.java.PendingException();
}
@When("I enter invalid first name {string}")
public void i_enter_invalid_first_name(String string) {
    // Write code here that turns the phrase above into concrete actions
    throw new io.cucumber.java.PendingException();
}
@Then("An error message should be displayed for first name")
public void an_error_message_should_be_displayed_for_first_name() {
    // Write code here that turns the phrase above into concrete actions
    throw new io.cucumber.java.PendingException();
}

]]></error>
    <system-out><![CDATA[
Scenario: Enter invalid first name                         # src/test/resources/features/insurantData.feature:3
  Given I am on the "insurant data" page
  And I enter vehicle data
  When I enter invalid first name "A"
  Then An error message should be displayed for first name
]]></system-out>
  </testcase>
  <testcase name="Enter invalid first name #2" classname="Insurant Data" time="0.024">
    <error message="The step &apos;I am on the &quot;insurant data&quot; page&apos; and 3 other step(s) are undefined.&#10;You can implement these steps using the snippet(s) below:&#10;&#10;@Given(&quot;I am on the {string} page&quot;)&#10;public void i_am_on_the_page(String string) {&#10;    // Write code here that turns the phrase above into concrete actions&#10;    throw new io.cucumber.java.PendingException();&#10;}&#10;@Given(&quot;I enter vehicle data&quot;)&#10;public void i_enter_vehicle_data() {&#10;    // Write code here that turns the phrase above into concrete actions&#10;    throw new io.cucumber.java.PendingException();&#10;}&#10;@When(&quot;I enter invalid first name {string}&quot;)&#10;public void i_enter_invalid_first_name(String string) {&#10;    // Write code here that turns the phrase above into concrete actions&#10;    throw new io.cucumber.java.PendingException();&#10;}&#10;@Then(&quot;An error message should be displayed for first name&quot;)&#10;public void an_error_message_should_be_displayed_for_first_name() {&#10;    // Write code here that turns the phrase above into concrete actions&#10;    throw new io.cucumber.java.PendingException();&#10;}&#10;" type="io.cucumber.junit.UndefinedStepException"><![CDATA[io.cucumber.junit.UndefinedStepException: 
The step 'I am on the "insurant data" page' and 3 other step(s) are undefined.
You can implement these steps using the snippet(s) below:

@Given("I am on the {string} page")
public void i_am_on_the_page(String string) {
    // Write code here that turns the phrase above into concrete actions
    throw new io.cucumber.java.PendingException();
}
@Given("I enter vehicle data")
public void i_enter_vehicle_data() {
    // Write code here that turns the phrase above into concrete actions
    throw new io.cucumber.java.PendingException();
}
@When("I enter invalid first name {string}")
public void i_enter_invalid_first_name(String string) {
    // Write code here that turns the phrase above into concrete actions
    throw new io.cucumber.java.PendingException();
}
@Then("An error message should be displayed for first name")
public void an_error_message_should_be_displayed_for_first_name() {
    // Write code here that turns the phrase above into concrete actions
    throw new io.cucumber.java.PendingException();
}

]]></error>
    <system-out><![CDATA[
Scenario: Enter invalid first name                                             # src/test/resources/features/insurantData.feature:9
  Given I am on the "insurant data" page
  And I enter vehicle data
  When I enter invalid first name "ThisNameIsWayTooLongToBeValidAndShouldFail"
  Then An error message should be displayed for first name
]]></system-out>
  </testcase>
  <testcase name="Enter valid insurant data" classname="Insurant Data" time="0.041">
    <error message="The step &apos;I am on the &quot;insurant data&quot; page&apos; and 3 other step(s) are undefined.&#10;You can implement these steps using the snippet(s) below:&#10;&#10;@Given(&quot;I am on the {string} page&quot;)&#10;public void i_am_on_the_page(String string) {&#10;    // Write code here that turns the phrase above into concrete actions&#10;    throw new io.cucumber.java.PendingException();&#10;}&#10;@Given(&quot;I enter vehicle data&quot;)&#10;public void i_enter_vehicle_data() {&#10;    // Write code here that turns the phrase above into concrete actions&#10;    throw new io.cucumber.java.PendingException();&#10;}&#10;@When(&quot;I enter insurant data&quot;)&#10;public void i_enter_insurant_data() {&#10;    // Write code here that turns the phrase above into concrete actions&#10;    throw new io.cucumber.java.PendingException();&#10;}&#10;@Then(&quot;I should be able to proceed to the next page&quot;)&#10;public void i_should_be_able_to_proceed_to_the_next_page() {&#10;    // Write code here that turns the phrase above into concrete actions&#10;    throw new io.cucumber.java.PendingException();&#10;}&#10;" type="io.cucumber.junit.UndefinedStepException"><![CDATA[io.cucumber.junit.UndefinedStepException: 
The step 'I am on the "insurant data" page' and 3 other step(s) are undefined.
You can implement these steps using the snippet(s) below:

@Given("I am on the {string} page")
public void i_am_on_the_page(String string) {
    // Write code here that turns the phrase above into concrete actions
    throw new io.cucumber.java.PendingException();
}
@Given("I enter vehicle data")
public void i_enter_vehicle_data() {
    // Write code here that turns the phrase above into concrete actions
    throw new io.cucumber.java.PendingException();
}
@When("I enter insurant data")
public void i_enter_insurant_data() {
    // Write code here that turns the phrase above into concrete actions
    throw new io.cucumber.java.PendingException();
}
@Then("I should be able to proceed to the next page")
public void i_should_be_able_to_proceed_to_the_next_page() {
    // Write code here that turns the phrase above into concrete actions
    throw new io.cucumber.java.PendingException();
}

]]></error>
    <system-out><![CDATA[
Scenario: Enter valid insurant data                 # src/test/resources/features/insurantData.feature:15
  Given I am on the "insurant data" page
  And I enter vehicle data
  When I enter insurant data
  Then I should be able to proceed to the next page
]]></system-out>
  </testcase>
  <testcase name="Enter invalid password #1" classname="Password Validation" time="0.186">
    <error message="The step &apos;I am on the &quot;send quote&quot; page&apos; and 6 other step(s) are undefined.&#10;You can implement these steps using the snippet(s) below:&#10;&#10;@Given(&quot;I am on the {string} page&quot;)&#10;public void i_am_on_the_page(String string) {&#10;    // Write code here that turns the phrase above into concrete actions&#10;    throw new io.cucumber.java.PendingException();&#10;}&#10;@Given(&quot;I enter vehicle data&quot;)&#10;public void i_enter_vehicle_data() {&#10;    // Write code here that turns the phrase above into concrete actions&#10;    throw new io.cucumber.java.PendingException();&#10;}&#10;@Given(&quot;I enter insurant data&quot;)&#10;public void i_enter_insurant_data() {&#10;    // Write code here that turns the phrase above into concrete actions&#10;    throw new io.cucumber.java.PendingException();&#10;}&#10;@Given(&quot;I enter product data&quot;)&#10;public void i_enter_product_data() {&#10;    // Write code here that turns the phrase above into concrete actions&#10;    throw new io.cucumber.java.PendingException();&#10;}&#10;@Given(&quot;I select a price option&quot;)&#10;public void i_select_a_price_option() {&#10;    // Write code here that turns the phrase above into concrete actions&#10;    throw new io.cucumber.java.PendingException();&#10;}&#10;@When(&quot;I enter invalid password {string}&quot;)&#10;public void i_enter_invalid_password(String string) {&#10;    // Write code here that turns the phrase above into concrete actions&#10;    throw new io.cucumber.java.PendingException();&#10;}&#10;@Then(&quot;An error message should be displayed for password&quot;)&#10;public void an_error_message_should_be_displayed_for_password() {&#10;    // Write code here that turns the phrase above into concrete actions&#10;    throw new io.cucumber.java.PendingException();&#10;}&#10;" type="io.cucumber.junit.UndefinedStepException"><![CDATA[io.cucumber.junit.UndefinedStepException: 
The step 'I am on the "send quote" page' and 6 other step(s) are undefined.
You can implement these steps using the snippet(s) below:

@Given("I am on the {string} page")
public void i_am_on_the_page(String string) {
    // Write code here that turns the phrase above into concrete actions
    throw new io.cucumber.java.PendingException();
}
@Given("I enter vehicle data")
public void i_enter_vehicle_data() {
    // Write code here that turns the phrase above into concrete actions
    throw new io.cucumber.java.PendingException();
}
@Given("I enter insurant data")
public void i_enter_insurant_data() {
    // Write code here that turns the phrase above into concrete actions
    throw new io.cucumber.java.PendingException();
}
@Given("I enter product data")
public void i_enter_product_data() {
    // Write code here that turns the phrase above into concrete actions
    throw new io.cucumber.java.PendingException();
}
@Given("I select a price option")
public void i_select_a_price_option() {
    // Write code here that turns the phrase above into concrete actions
    throw new io.cucumber.java.PendingException();
}
@When("I enter invalid password {string}")
public void i_enter_invalid_password(String string) {
    // Write code here that turns the phrase above into concrete actions
    throw new io.cucumber.java.PendingException();
}
@Then("An error message should be displayed for password")
public void an_error_message_should_be_displayed_for_password() {
    // Write code here that turns the phrase above into concrete actions
    throw new io.cucumber.java.PendingException();
}

]]></error>
    <system-out><![CDATA[
Scenario: Enter invalid password                         # src/test/resources/features/passwordValidation.feature:3
  Given I am on the "send quote" page
  And I enter vehicle data
  And I enter insurant data
  And I enter product data
  And I select a price option
  When I enter invalid password "123"
  Then An error message should be displayed for password
]]></system-out>
  </testcase>
  <testcase name="Enter invalid password #2" classname="Password Validation" time="0.021">
    <error message="The step &apos;I am on the &quot;send quote&quot; page&apos; and 6 other step(s) are undefined.&#10;You can implement these steps using the snippet(s) below:&#10;&#10;@Given(&quot;I am on the {string} page&quot;)&#10;public void i_am_on_the_page(String string) {&#10;    // Write code here that turns the phrase above into concrete actions&#10;    throw new io.cucumber.java.PendingException();&#10;}&#10;@Given(&quot;I enter vehicle data&quot;)&#10;public void i_enter_vehicle_data() {&#10;    // Write code here that turns the phrase above into concrete actions&#10;    throw new io.cucumber.java.PendingException();&#10;}&#10;@Given(&quot;I enter insurant data&quot;)&#10;public void i_enter_insurant_data() {&#10;    // Write code here that turns the phrase above into concrete actions&#10;    throw new io.cucumber.java.PendingException();&#10;}&#10;@Given(&quot;I enter product data&quot;)&#10;public void i_enter_product_data() {&#10;    // Write code here that turns the phrase above into concrete actions&#10;    throw new io.cucumber.java.PendingException();&#10;}&#10;@Given(&quot;I select a price option&quot;)&#10;public void i_select_a_price_option() {&#10;    // Write code here that turns the phrase above into concrete actions&#10;    throw new io.cucumber.java.PendingException();&#10;}&#10;@When(&quot;I enter invalid password {string}&quot;)&#10;public void i_enter_invalid_password(String string) {&#10;    // Write code here that turns the phrase above into concrete actions&#10;    throw new io.cucumber.java.PendingException();&#10;}&#10;@Then(&quot;An error message should be displayed for password&quot;)&#10;public void an_error_message_should_be_displayed_for_password() {&#10;    // Write code here that turns the phrase above into concrete actions&#10;    throw new io.cucumber.java.PendingException();&#10;}&#10;" type="io.cucumber.junit.UndefinedStepException"><![CDATA[io.cucumber.junit.UndefinedStepException: 
The step 'I am on the "send quote" page' and 6 other step(s) are undefined.
You can implement these steps using the snippet(s) below:

@Given("I am on the {string} page")
public void i_am_on_the_page(String string) {
    // Write code here that turns the phrase above into concrete actions
    throw new io.cucumber.java.PendingException();
}
@Given("I enter vehicle data")
public void i_enter_vehicle_data() {
    // Write code here that turns the phrase above into concrete actions
    throw new io.cucumber.java.PendingException();
}
@Given("I enter insurant data")
public void i_enter_insurant_data() {
    // Write code here that turns the phrase above into concrete actions
    throw new io.cucumber.java.PendingException();
}
@Given("I enter product data")
public void i_enter_product_data() {
    // Write code here that turns the phrase above into concrete actions
    throw new io.cucumber.java.PendingException();
}
@Given("I select a price option")
public void i_select_a_price_option() {
    // Write code here that turns the phrase above into concrete actions
    throw new io.cucumber.java.PendingException();
}
@When("I enter invalid password {string}")
public void i_enter_invalid_password(String string) {
    // Write code here that turns the phrase above into concrete actions
    throw new io.cucumber.java.PendingException();
}
@Then("An error message should be displayed for password")
public void an_error_message_should_be_displayed_for_password() {
    // Write code here that turns the phrase above into concrete actions
    throw new io.cucumber.java.PendingException();
}

]]></error>
    <system-out><![CDATA[
Scenario: Enter invalid password                         # src/test/resources/features/passwordValidation.feature:12
  Given I am on the "send quote" page
  And I enter vehicle data
  And I enter insurant data
  And I enter product data
  And I select a price option
  When I enter invalid password "password"
  Then An error message should be displayed for password
]]></system-out>
  </testcase>
  <testcase name="Enter valid password" classname="Password Validation" time="0.109">
    <error message="The step &apos;I am on the &quot;send quote&quot; page&apos; and 6 other step(s) are undefined.&#10;You can implement these steps using the snippet(s) below:&#10;&#10;@Given(&quot;I am on the {string} page&quot;)&#10;public void i_am_on_the_page(String string) {&#10;    // Write code here that turns the phrase above into concrete actions&#10;    throw new io.cucumber.java.PendingException();&#10;}&#10;@Given(&quot;I enter vehicle data&quot;)&#10;public void i_enter_vehicle_data() {&#10;    // Write code here that turns the phrase above into concrete actions&#10;    throw new io.cucumber.java.PendingException();&#10;}&#10;@Given(&quot;I enter insurant data&quot;)&#10;public void i_enter_insurant_data() {&#10;    // Write code here that turns the phrase above into concrete actions&#10;    throw new io.cucumber.java.PendingException();&#10;}&#10;@Given(&quot;I enter product data&quot;)&#10;public void i_enter_product_data() {&#10;    // Write code here that turns the phrase above into concrete actions&#10;    throw new io.cucumber.java.PendingException();&#10;}&#10;@Given(&quot;I select a price option&quot;)&#10;public void i_select_a_price_option() {&#10;    // Write code here that turns the phrase above into concrete actions&#10;    throw new io.cucumber.java.PendingException();&#10;}&#10;@When(&quot;I enter quote data&quot;)&#10;public void i_enter_quote_data() {&#10;    // Write code here that turns the phrase above into concrete actions&#10;    throw new io.cucumber.java.PendingException();&#10;}&#10;@Then(&quot;The quote should be sent&quot;)&#10;public void the_quote_should_be_sent() {&#10;    // Write code here that turns the phrase above into concrete actions&#10;    throw new io.cucumber.java.PendingException();&#10;}&#10;" type="io.cucumber.junit.UndefinedStepException"><![CDATA[io.cucumber.junit.UndefinedStepException: 
The step 'I am on the "send quote" page' and 6 other step(s) are undefined.
You can implement these steps using the snippet(s) below:

@Given("I am on the {string} page")
public void i_am_on_the_page(String string) {
    // Write code here that turns the phrase above into concrete actions
    throw new io.cucumber.java.PendingException();
}
@Given("I enter vehicle data")
public void i_enter_vehicle_data() {
    // Write code here that turns the phrase above into concrete actions
    throw new io.cucumber.java.PendingException();
}
@Given("I enter insurant data")
public void i_enter_insurant_data() {
    // Write code here that turns the phrase above into concrete actions
    throw new io.cucumber.java.PendingException();
}
@Given("I enter product data")
public void i_enter_product_data() {
    // Write code here that turns the phrase above into concrete actions
    throw new io.cucumber.java.PendingException();
}
@Given("I select a price option")
public void i_select_a_price_option() {
    // Write code here that turns the phrase above into concrete actions
    throw new io.cucumber.java.PendingException();
}
@When("I enter quote data")
public void i_enter_quote_data() {
    // Write code here that turns the phrase above into concrete actions
    throw new io.cucumber.java.PendingException();
}
@Then("The quote should be sent")
public void the_quote_should_be_sent() {
    // Write code here that turns the phrase above into concrete actions
    throw new io.cucumber.java.PendingException();
}

]]></error>
    <system-out><![CDATA[
Scenario: Enter valid password        # src/test/resources/features/passwordValidation.feature:21
  Given I am on the "send quote" page
  And I enter vehicle data
  And I enter insurant data
  And I enter product data
  And I select a price option
  When I enter quote data
  Then The quote should be sent
]]></system-out>
  </testcase>
  <testcase name="Select price option" classname="Select Price Option" time="0.046">
    <error message="The step &apos;I am on the &quot;price option&quot; page&apos; and 5 other step(s) are undefined.&#10;You can implement these steps using the snippet(s) below:&#10;&#10;@Given(&quot;I am on the {string} page&quot;)&#10;public void i_am_on_the_page(String string) {&#10;    // Write code here that turns the phrase above into concrete actions&#10;    throw new io.cucumber.java.PendingException();&#10;}&#10;@Given(&quot;I enter vehicle data&quot;)&#10;public void i_enter_vehicle_data() {&#10;    // Write code here that turns the phrase above into concrete actions&#10;    throw new io.cucumber.java.PendingException();&#10;}&#10;@Given(&quot;I enter insurant data&quot;)&#10;public void i_enter_insurant_data() {&#10;    // Write code here that turns the phrase above into concrete actions&#10;    throw new io.cucumber.java.PendingException();&#10;}&#10;@Given(&quot;I enter product data&quot;)&#10;public void i_enter_product_data() {&#10;    // Write code here that turns the phrase above into concrete actions&#10;    throw new io.cucumber.java.PendingException();&#10;}&#10;@When(&quot;I select a price option&quot;)&#10;public void i_select_a_price_option() {&#10;    // Write code here that turns the phrase above into concrete actions&#10;    throw new io.cucumber.java.PendingException();&#10;}&#10;@Then(&quot;I should be able to proceed to the next page&quot;)&#10;public void i_should_be_able_to_proceed_to_the_next_page() {&#10;    // Write code here that turns the phrase above into concrete actions&#10;    throw new io.cucumber.java.PendingException();&#10;}&#10;" type="io.cucumber.junit.UndefinedStepException"><![CDATA[io.cucumber.junit.UndefinedStepException: 
The step 'I am on the "price option" page' and 5 other step(s) are undefined.
You can implement these steps using the snippet(s) below:

@Given("I am on the {string} page")
public void i_am_on_the_page(String string) {
    // Write code here that turns the phrase above into concrete actions
    throw new io.cucumber.java.PendingException();
}
@Given("I enter vehicle data")
public void i_enter_vehicle_data() {
    // Write code here that turns the phrase above into concrete actions
    throw new io.cucumber.java.PendingException();
}
@Given("I enter insurant data")
public void i_enter_insurant_data() {
    // Write code here that turns the phrase above into concrete actions
    throw new io.cucumber.java.PendingException();
}
@Given("I enter product data")
public void i_enter_product_data() {
    // Write code here that turns the phrase above into concrete actions
    throw new io.cucumber.java.PendingException();
}
@When("I select a price option")
public void i_select_a_price_option() {
    // Write code here that turns the phrase above into concrete actions
    throw new io.cucumber.java.PendingException();
}
@Then("I should be able to proceed to the next page")
public void i_should_be_able_to_proceed_to_the_next_page() {
    // Write code here that turns the phrase above into concrete actions
    throw new io.cucumber.java.PendingException();
}

]]></error>
    <system-out><![CDATA[
Scenario: Select price option                       # src/test/resources/features/priceOption.feature:3
  Given I am on the "price option" page
  And I enter vehicle data
  And I enter insurant data
  And I enter product data
  When I select a price option
  Then I should be able to proceed to the next page
]]></system-out>
  </testcase>
  <testcase name="Enter product data" classname="Enter Product Data" time="0.008">
    <error message="The step &apos;I am on the &quot;product data&quot; page&apos; and 2 other step(s) are undefined.&#10;You can implement these steps using the snippet(s) below:&#10;&#10;@Given(&quot;I am on the {string} page&quot;)&#10;public void i_am_on_the_page(String string) {&#10;    // Write code here that turns the phrase above into concrete actions&#10;    throw new io.cucumber.java.PendingException();&#10;}&#10;@When(&quot;I enter product data&quot;)&#10;public void i_enter_product_data() {&#10;    // Write code here that turns the phrase above into concrete actions&#10;    throw new io.cucumber.java.PendingException();&#10;}&#10;@Then(&quot;I should be able to proceed to the next page&quot;)&#10;public void i_should_be_able_to_proceed_to_the_next_page() {&#10;    // Write code here that turns the phrase above into concrete actions&#10;    throw new io.cucumber.java.PendingException();&#10;}&#10;" type="io.cucumber.junit.UndefinedStepException"><![CDATA[io.cucumber.junit.UndefinedStepException: 
The step 'I am on the "product data" page' and 2 other step(s) are undefined.
You can implement these steps using the snippet(s) below:

@Given("I am on the {string} page")
public void i_am_on_the_page(String string) {
    // Write code here that turns the phrase above into concrete actions
    throw new io.cucumber.java.PendingException();
}
@When("I enter product data")
public void i_enter_product_data() {
    // Write code here that turns the phrase above into concrete actions
    throw new io.cucumber.java.PendingException();
}
@Then("I should be able to proceed to the next page")
public void i_should_be_able_to_proceed_to_the_next_page() {
    // Write code here that turns the phrase above into concrete actions
    throw new io.cucumber.java.PendingException();
}

]]></error>
    <system-out><![CDATA[
Scenario: Enter product data                        # src/test/resources/features/productData.feature:3
  Given I am on the "product data" page
  When I enter product data
  Then I should be able to proceed to the next page
]]></system-out>
  </testcase>
  <testcase name="Enter quote data" classname="Send Quote" time="0.118">
    <error message="The step &apos;I am on the &quot;send quote&quot; page&apos; and 6 other step(s) are undefined.&#10;You can implement these steps using the snippet(s) below:&#10;&#10;@Given(&quot;I am on the {string} page&quot;)&#10;public void i_am_on_the_page(String string) {&#10;    // Write code here that turns the phrase above into concrete actions&#10;    throw new io.cucumber.java.PendingException();&#10;}&#10;@Given(&quot;I enter vehicle data&quot;)&#10;public void i_enter_vehicle_data() {&#10;    // Write code here that turns the phrase above into concrete actions&#10;    throw new io.cucumber.java.PendingException();&#10;}&#10;@Given(&quot;I enter insurant data&quot;)&#10;public void i_enter_insurant_data() {&#10;    // Write code here that turns the phrase above into concrete actions&#10;    throw new io.cucumber.java.PendingException();&#10;}&#10;@Given(&quot;I enter product data&quot;)&#10;public void i_enter_product_data() {&#10;    // Write code here that turns the phrase above into concrete actions&#10;    throw new io.cucumber.java.PendingException();&#10;}&#10;@Given(&quot;I select a price option&quot;)&#10;public void i_select_a_price_option() {&#10;    // Write code here that turns the phrase above into concrete actions&#10;    throw new io.cucumber.java.PendingException();&#10;}&#10;@When(&quot;I enter quote data&quot;)&#10;public void i_enter_quote_data() {&#10;    // Write code here that turns the phrase above into concrete actions&#10;    throw new io.cucumber.java.PendingException();&#10;}&#10;@Then(&quot;The quote should be sent&quot;)&#10;public void the_quote_should_be_sent() {&#10;    // Write code here that turns the phrase above into concrete actions&#10;    throw new io.cucumber.java.PendingException();&#10;}&#10;" type="io.cucumber.junit.UndefinedStepException"><![CDATA[io.cucumber.junit.UndefinedStepException: 
The step 'I am on the "send quote" page' and 6 other step(s) are undefined.
You can implement these steps using the snippet(s) below:

@Given("I am on the {string} page")
public void i_am_on_the_page(String string) {
    // Write code here that turns the phrase above into concrete actions
    throw new io.cucumber.java.PendingException();
}
@Given("I enter vehicle data")
public void i_enter_vehicle_data() {
    // Write code here that turns the phrase above into concrete actions
    throw new io.cucumber.java.PendingException();
}
@Given("I enter insurant data")
public void i_enter_insurant_data() {
    // Write code here that turns the phrase above into concrete actions
    throw new io.cucumber.java.PendingException();
}
@Given("I enter product data")
public void i_enter_product_data() {
    // Write code here that turns the phrase above into concrete actions
    throw new io.cucumber.java.PendingException();
}
@Given("I select a price option")
public void i_select_a_price_option() {
    // Write code here that turns the phrase above into concrete actions
    throw new io.cucumber.java.PendingException();
}
@When("I enter quote data")
public void i_enter_quote_data() {
    // Write code here that turns the phrase above into concrete actions
    throw new io.cucumber.java.PendingException();
}
@Then("The quote should be sent")
public void the_quote_should_be_sent() {
    // Write code here that turns the phrase above into concrete actions
    throw new io.cucumber.java.PendingException();
}

]]></error>
    <system-out><![CDATA[
Scenario: Enter quote data            # src/test/resources/features/sendQuote.feature:3
  Given I am on the "send quote" page
  And I enter vehicle data
  And I enter insurant data
  And I enter product data
  And I select a price option
  When I enter quote data
  Then The quote should be sent
]]></system-out>
  </testcase>
  <testcase name="Enter vehicle data" classname="Enter Vehicle Data" time="0.209">
    <error message="The step &apos;I am on the &quot;vehicle data&quot; page&apos; and 2 other step(s) are undefined.&#10;You can implement these steps using the snippet(s) below:&#10;&#10;@Given(&quot;I am on the {string} page&quot;)&#10;public void i_am_on_the_page(String string) {&#10;    // Write code here that turns the phrase above into concrete actions&#10;    throw new io.cucumber.java.PendingException();&#10;}&#10;@When(&quot;I enter vehicle data&quot;)&#10;public void i_enter_vehicle_data() {&#10;    // Write code here that turns the phrase above into concrete actions&#10;    throw new io.cucumber.java.PendingException();&#10;}&#10;@Then(&quot;I should be able to proceed to the next page&quot;)&#10;public void i_should_be_able_to_proceed_to_the_next_page() {&#10;    // Write code here that turns the phrase above into concrete actions&#10;    throw new io.cucumber.java.PendingException();&#10;}&#10;" type="io.cucumber.junit.UndefinedStepException"><![CDATA[io.cucumber.junit.UndefinedStepException: 
The step 'I am on the "vehicle data" page' and 2 other step(s) are undefined.
You can implement these steps using the snippet(s) below:

@Given("I am on the {string} page")
public void i_am_on_the_page(String string) {
    // Write code here that turns the phrase above into concrete actions
    throw new io.cucumber.java.PendingException();
}
@When("I enter vehicle data")
public void i_enter_vehicle_data() {
    // Write code here that turns the phrase above into concrete actions
    throw new io.cucumber.java.PendingException();
}
@Then("I should be able to proceed to the next page")
public void i_should_be_able_to_proceed_to_the_next_page() {
    // Write code here that turns the phrase above into concrete actions
    throw new io.cucumber.java.PendingException();
}

]]></error>
    <system-out><![CDATA[
Scenario: Enter vehicle data                        # src/test/resources/features/vehicleData.feature:3
  Given I am on the "vehicle data" page
  When I enter vehicle data
  Then I should be able to proceed to the next page
]]></system-out>
  </testcase>
</testsuite>